Flow report for lab1
Thu Sep 06 10:18:04 2018
Quartus II 64-Bit Version 13.0.1 Build 232 06/12/2013 Service Pack 1 SJ Web Edition


---------------------
; Table of Contents ;
---------------------
  1. Legal Notice
  2. Flow Summary
  3. Flow Settings
  4. Flow Non-Default Global Settings
  5. Flow Elapsed Time
  6. Flow OS Summary
  7. Flow Log
  8. Flow Messages
  9. Flow Suppressed Messages



----------------
; Legal Notice ;
----------------
Copyright (C) 1991-2013 Altera Corporation
Your use of Altera Corporation's design tools, logic functions 
and other software and tools, and its AMPP partner logic 
functions, and any output files from any of the foregoing 
(including device programming or simulation files), and any 
associated documentation or information are expressly subject 
to the terms and conditions of the Altera Program License 
Subscription Agreement, Altera MegaCore Function License 
Agreement, or other applicable license agreement, including, 
without limitation, that your use is for the sole purpose of 
programming logic devices manufactured by Altera and sold by 
Altera or its authorized distributors.  Please refer to the 
applicable agreement for further details.



+--------------------------------------------------------------------------------------+
; Flow Summary                                                                         ;
+------------------------------------+-------------------------------------------------+
; Flow Status                        ; Successful - Thu Sep 06 10:18:04 2018           ;
; Quartus II 64-Bit Version          ; 13.0.1 Build 232 06/12/2013 SP 1 SJ Web Edition ;
; Revision Name                      ; lab1                                            ;
; Top-level Entity Name              ; carry_lookahead_adder                           ;
; Family                             ; Cyclone III                                     ;
; Device                             ; EP3C16F484C6                                    ;
; Timing Models                      ; Final                                           ;
; Total logic elements               ; 10 / 15,408 ( < 1 % )                           ;
;     Total combinational functions  ; 10 / 15,408 ( < 1 % )                           ;
;     Dedicated logic registers      ; 0 / 15,408 ( 0 % )                              ;
; Total registers                    ; 0                                               ;
; Total pins                         ; 14 / 347 ( 4 % )                                ;
; Total virtual pins                 ; 0                                               ;
; Total memory bits                  ; 0 / 516,096 ( 0 % )                             ;
; Embedded Multiplier 9-bit elements ; 0 / 112 ( 0 % )                                 ;
; Total PLLs                         ; 0 / 4 ( 0 % )                                   ;
+------------------------------------+-------------------------------------------------+


+-----------------------------------------+
; Flow Settings                           ;
+-------------------+---------------------+
; Option            ; Setting             ;
+-------------------+---------------------+
; Start date & time ; 09/06/2018 10:17:48 ;
; Main task         ; Compilation         ;
; Revision Name     ; lab1                ;
+-------------------+---------------------+


+----------------------------------------------------------------------------------------------------------------------------------------------+
; Flow Non-Default Global Settings                                                                                                             ;
+--------------------------------------+---------------------------------------+---------------+-----------------------+-----------------------+
; Assignment Name                      ; Value                                 ; Default Value ; Entity Name           ; Section Id            ;
+--------------------------------------+---------------------------------------+---------------+-----------------------+-----------------------+
; COMPILER_SIGNATURE_ID                ; 172309001368908.153622186801272       ; --            ; --                    ; --                    ;
; EDA_DESIGN_INSTANCE_NAME             ; NA                                    ; --            ; --                    ; full_adder            ;
; EDA_DESIGN_INSTANCE_NAME             ; NA                                    ; --            ; --                    ; ripple_carry_adder    ;
; EDA_DESIGN_INSTANCE_NAME             ; NA                                    ; --            ; --                    ; mux2_1                ;
; EDA_DESIGN_INSTANCE_NAME             ; NA                                    ; --            ; --                    ; carry_select_adder    ;
; EDA_DESIGN_INSTANCE_NAME             ; NA                                    ; --            ; --                    ; carry_lookahead_adder ;
; EDA_NATIVELINK_SIMULATION_TEST_BENCH ; ripple_carry_adder                    ; --            ; --                    ; eda_simulation        ;
; EDA_OUTPUT_DATA_FORMAT               ; Vhdl                                  ; --            ; --                    ; eda_simulation        ;
; EDA_SIMULATION_TOOL                  ; ModelSim-Altera (VHDL)                ; <None>        ; --                    ; --                    ;
; EDA_TEST_BENCH_ENABLE_STATUS         ; TEST_BENCH_MODE                       ; --            ; --                    ; eda_simulation        ;
; EDA_TEST_BENCH_FILE                  ; full_adder_tb.vhd                     ; --            ; --                    ; full_adder            ;
; EDA_TEST_BENCH_FILE                  ; full_adder.vhd                        ; --            ; --                    ; full_adder            ;
; EDA_TEST_BENCH_FILE                  ; ripple_carry_adder_tb.vhd             ; --            ; --                    ; ripple_carry_adder    ;
; EDA_TEST_BENCH_FILE                  ; ripple_carry_adder.vhd                ; --            ; --                    ; ripple_carry_adder    ;
; EDA_TEST_BENCH_FILE                  ; full_adder.vhd                        ; --            ; --                    ; ripple_carry_adder    ;
; EDA_TEST_BENCH_FILE                  ; mux2_1_tb.vhd                         ; --            ; --                    ; mux2_1                ;
; EDA_TEST_BENCH_FILE                  ; mux2_1.vhd                            ; --            ; --                    ; mux2_1                ;
; EDA_TEST_BENCH_FILE                  ; carry_select_adder_tb.vhd             ; --            ; --                    ; carry_select_adder    ;
; EDA_TEST_BENCH_FILE                  ; carry_select_adder.vhd                ; --            ; --                    ; carry_select_adder    ;
; EDA_TEST_BENCH_FILE                  ; ripple_carry_adder.vhd                ; --            ; --                    ; carry_select_adder    ;
; EDA_TEST_BENCH_FILE                  ; mux2_1.vhd                            ; --            ; --                    ; carry_select_adder    ;
; EDA_TEST_BENCH_FILE                  ; full_adder.vhd                        ; --            ; --                    ; carry_select_adder    ;
; EDA_TEST_BENCH_FILE                  ; carry_lookahead_adder_tb.vhd          ; --            ; --                    ; carry_lookahead_adder ;
; EDA_TEST_BENCH_FILE                  ; carry_lookahead_adder.vhd             ; --            ; --                    ; carry_lookahead_adder ;
; EDA_TEST_BENCH_FILE                  ; full_adder.vhd                        ; --            ; --                    ; carry_lookahead_adder ;
; EDA_TEST_BENCH_MODULE_NAME           ; full_adder_tb                         ; --            ; --                    ; full_adder            ;
; EDA_TEST_BENCH_MODULE_NAME           ; ripple_carry_adder_tb                 ; --            ; --                    ; ripple_carry_adder    ;
; EDA_TEST_BENCH_MODULE_NAME           ; mux2_1_tb                             ; --            ; --                    ; mux2_1                ;
; EDA_TEST_BENCH_MODULE_NAME           ; carry_select_adder_tb                 ; --            ; --                    ; carry_select_adder    ;
; EDA_TEST_BENCH_MODULE_NAME           ; carry_lookahead_adder_tb              ; --            ; --                    ; carry_lookahead_adder ;
; EDA_TEST_BENCH_NAME                  ; full_adder                            ; --            ; --                    ; eda_simulation        ;
; EDA_TEST_BENCH_NAME                  ; ripple_carry_adder                    ; --            ; --                    ; eda_simulation        ;
; EDA_TEST_BENCH_NAME                  ; mux2_1                                ; --            ; --                    ; eda_simulation        ;
; EDA_TEST_BENCH_NAME                  ; carry_select_adder                    ; --            ; --                    ; eda_simulation        ;
; EDA_TEST_BENCH_NAME                  ; carry_lookahead_adder                 ; --            ; --                    ; eda_simulation        ;
; MAX_CORE_JUNCTION_TEMP               ; 85                                    ; --            ; --                    ; --                    ;
; MIN_CORE_JUNCTION_TEMP               ; 0                                     ; --            ; --                    ; --                    ;
; PARTITION_COLOR                      ; 16764057                              ; --            ; carry_lookahead_adder ; Top                   ;
; PARTITION_FITTER_PRESERVATION_LEVEL  ; PLACEMENT_AND_ROUTING                 ; --            ; carry_lookahead_adder ; Top                   ;
; PARTITION_NETLIST_TYPE               ; SOURCE                                ; --            ; carry_lookahead_adder ; Top                   ;
; POWER_BOARD_THERMAL_MODEL            ; None (CONSERVATIVE)                   ; --            ; --                    ; --                    ;
; POWER_PRESET_COOLING_SOLUTION        ; 23 MM HEAT SINK WITH 200 LFPM AIRFLOW ; --            ; --                    ; --                    ;
; PROJECT_OUTPUT_DIRECTORY             ; output_files                          ; --            ; --                    ; --                    ;
; TOP_LEVEL_ENTITY                     ; carry_lookahead_adder                 ; lab1          ; --                    ; --                    ;
+--------------------------------------+---------------------------------------+---------------+-----------------------+-----------------------+


+-------------------------------------------------------------------------------------------------------------------------------+
; Flow Elapsed Time                                                                                                             ;
+---------------------------+--------------+-------------------------+---------------------+------------------------------------+
; Module Name               ; Elapsed Time ; Average Processors Used ; Peak Virtual Memory ; Total CPU Time (on all processors) ;
+---------------------------+--------------+-------------------------+---------------------+------------------------------------+
; Analysis & Synthesis      ; 00:00:02     ; 1.0                     ; 4653 MB             ; 00:00:02                           ;
; Fitter                    ; 00:00:06     ; 1.0                     ; 4900 MB             ; 00:00:05                           ;
; Assembler                 ; 00:00:01     ; 1.0                     ; 4559 MB             ; 00:00:01                           ;
; TimeQuest Timing Analyzer ; 00:00:02     ; 1.0                     ; 4605 MB             ; 00:00:01                           ;
; EDA Netlist Writer        ; 00:00:01     ; 1.0                     ; 4522 MB             ; 00:00:01                           ;
; Total                     ; 00:00:12     ; --                      ; --                  ; 00:00:10                           ;
+---------------------------+--------------+-------------------------+---------------------+------------------------------------+


+----------------------------------------------------------------------------------------+
; Flow OS Summary                                                                        ;
+---------------------------+------------------+-----------+------------+----------------+
; Module Name               ; Machine Hostname ; OS Name   ; OS Version ; Processor type ;
+---------------------------+------------------+-----------+------------+----------------+
; Analysis & Synthesis      ; DESKTOP-VRJKNVS  ; Windows 7 ; 6.2        ; x86_64         ;
; Fitter                    ; DESKTOP-VRJKNVS  ; Windows 7 ; 6.2        ; x86_64         ;
; Assembler                 ; DESKTOP-VRJKNVS  ; Windows 7 ; 6.2        ; x86_64         ;
; TimeQuest Timing Analyzer ; DESKTOP-VRJKNVS  ; Windows 7 ; 6.2        ; x86_64         ;
; EDA Netlist Writer        ; DESKTOP-VRJKNVS  ; Windows 7 ; 6.2        ; x86_64         ;
+---------------------------+------------------+-----------+------------+----------------+


------------
; Flow Log ;
------------
quartus_map --read_settings_files=on --write_settings_files=off lab1 -c lab1
quartus_fit --read_settings_files=off --write_settings_files=off lab1 -c lab1
quartus_asm --read_settings_files=off --write_settings_files=off lab1 -c lab1
quartus_sta lab1 -c lab1
quartus_eda --read_settings_files=off --write_settings_files=off lab1 -c lab1



