Flow report for Lab4-5
Wed Sep 26 20:23:30 2018
Quartus II 64-Bit Version 13.0.1 Build 232 06/12/2013 Service Pack 1 SJ Web Edition


---------------------
; Table of Contents ;
---------------------
  1. Legal Notice
  2. Flow Summary
  3. Flow Settings
  4. Flow Non-Default Global Settings
  5. Flow Elapsed Time
  6. Flow OS Summary
  7. Flow Log
  8. Flow Messages
  9. Flow Suppressed Messages



----------------
; Legal Notice ;
----------------
Copyright (C) 1991-2013 Altera Corporation
Your use of Altera Corporation's design tools, logic functions 
and other software and tools, and its AMPP partner logic 
functions, and any output files from any of the foregoing 
(including device programming or simulation files), and any 
associated documentation or information are expressly subject 
to the terms and conditions of the Altera Program License 
Subscription Agreement, Altera MegaCore Function License 
Agreement, or other applicable license agreement, including, 
without limitation, that your use is for the sole purpose of 
programming logic devices manufactured by Altera and sold by 
Altera or its authorized distributors.  Please refer to the 
applicable agreement for further details.



+--------------------------------------------------------------------------------------+
; Flow Summary                                                                         ;
+------------------------------------+-------------------------------------------------+
; Flow Status                        ; Successful - Wed Sep 26 20:23:30 2018           ;
; Quartus II 64-Bit Version          ; 13.0.1 Build 232 06/12/2013 SP 1 SJ Web Edition ;
; Revision Name                      ; Lab4-5                                          ;
; Top-level Entity Name              ; Nibble_Counter                                  ;
; Family                             ; Cyclone IV GX                                   ;
; Total logic elements               ; 8 / 14,400 ( < 1 % )                            ;
;     Total combinational functions  ; 8 / 14,400 ( < 1 % )                            ;
;     Dedicated logic registers      ; 5 / 14,400 ( < 1 % )                            ;
; Total registers                    ; 5                                               ;
; Total pins                         ; 11 / 81 ( 14 % )                                ;
; Total virtual pins                 ; 0                                               ;
; Total memory bits                  ; 0 / 552,960 ( 0 % )                             ;
; Embedded Multiplier 9-bit elements ; 0                                               ;
; Total GXB Receiver Channel PCS     ; 0 / 2 ( 0 % )                                   ;
; Total GXB Receiver Channel PMA     ; 0 / 2 ( 0 % )                                   ;
; Total GXB Transmitter Channel PCS  ; 0 / 2 ( 0 % )                                   ;
; Total GXB Transmitter Channel PMA  ; 0 / 2 ( 0 % )                                   ;
; Total PLLs                         ; 0 / 3 ( 0 % )                                   ;
; Device                             ; EP4CGX15BF14C6                                  ;
; Timing Models                      ; Final                                           ;
+------------------------------------+-------------------------------------------------+


+-----------------------------------------+
; Flow Settings                           ;
+-------------------+---------------------+
; Option            ; Setting             ;
+-------------------+---------------------+
; Start date & time ; 09/26/2018 20:23:15 ;
; Main task         ; Compilation         ;
; Revision Name     ; Lab4-5              ;
+-------------------+---------------------+


+-----------------------------------------------------------------------------------------------------------------------------+
; Flow Non-Default Global Settings                                                                                            ;
+--------------------------------------+---------------------------------+---------------+----------------+-------------------+
; Assignment Name                      ; Value                           ; Default Value ; Entity Name    ; Section Id        ;
+--------------------------------------+---------------------------------+---------------+----------------+-------------------+
; COMPILER_SIGNATURE_ID                ; 172309001368907.153798619504900 ; --            ; --             ; --                ;
; EDA_DESIGN_INSTANCE_NAME             ; NA                              ; --            ; --             ; Nibble_Counter_TB ;
; EDA_DESIGN_INSTANCE_NAME             ; NA                              ; --            ; --             ; Controller_TB     ;
; EDA_NATIVELINK_SIMULATION_TEST_BENCH ; Controller_TB                   ; --            ; --             ; eda_simulation    ;
; EDA_OUTPUT_DATA_FORMAT               ; Vhdl                            ; --            ; --             ; eda_simulation    ;
; EDA_SIMULATION_TOOL                  ; ModelSim-Altera (VHDL)          ; <None>        ; --             ; --                ;
; EDA_TEST_BENCH_ENABLE_STATUS         ; TEST_BENCH_MODE                 ; --            ; --             ; eda_simulation    ;
; EDA_TEST_BENCH_FILE                  ; Nibble_Counter_TB.vhd           ; --            ; --             ; Nibble_Counter_TB ;
; EDA_TEST_BENCH_FILE                  ; Controller_TB.vhd               ; --            ; --             ; Controller_TB     ;
; EDA_TEST_BENCH_FILE                  ; Controller.vhd                  ; --            ; --             ; Controller_TB     ;
; EDA_TEST_BENCH_FILE                  ; ROM.vhd                         ; --            ; --             ; Controller_TB     ;
; EDA_TEST_BENCH_MODULE_NAME           ; Nibble_Counter_TB               ; --            ; --             ; Nibble_Counter_TB ;
; EDA_TEST_BENCH_MODULE_NAME           ; Controller_TB                   ; --            ; --             ; Controller_TB     ;
; EDA_TEST_BENCH_NAME                  ; Nibble_Counter_TB               ; --            ; --             ; eda_simulation    ;
; EDA_TEST_BENCH_NAME                  ; Controller_TB                   ; --            ; --             ; eda_simulation    ;
; EDA_TEST_BENCH_RUN_SIM_FOR           ; 200 ns                          ; --            ; --             ; Nibble_Counter_TB ;
; EDA_TEST_BENCH_RUN_SIM_FOR           ; 200 ns                          ; --            ; --             ; Controller_TB     ;
; PARTITION_COLOR                      ; 16764057                        ; --            ; Nibble_Counter ; Top               ;
; PARTITION_FITTER_PRESERVATION_LEVEL  ; PLACEMENT_AND_ROUTING           ; --            ; Nibble_Counter ; Top               ;
; PARTITION_NETLIST_TYPE               ; SOURCE                          ; --            ; Nibble_Counter ; Top               ;
; PROJECT_OUTPUT_DIRECTORY             ; output_files                    ; --            ; --             ; --                ;
; TOP_LEVEL_ENTITY                     ; Nibble_Counter                  ; Lab4-5        ; --             ; --                ;
+--------------------------------------+---------------------------------+---------------+----------------+-------------------+


+--------------------------------------------------------------------------------------------------------------------------+
; Flow Elapsed Time                                                                                                        ;
+----------------------+--------------+-------------------------+---------------------+------------------------------------+
; Module Name          ; Elapsed Time ; Average Processors Used ; Peak Virtual Memory ; Total CPU Time (on all processors) ;
+----------------------+--------------+-------------------------+---------------------+------------------------------------+
; Analysis & Synthesis ; 00:00:02     ; 1.0                     ; 4698 MB             ; 00:00:02                           ;
; Fitter               ; 00:00:08     ; 1.0                     ; 4988 MB             ; 00:00:06                           ;
; Assembler            ; 00:00:01     ; 1.0                     ; 4621 MB             ; 00:00:01                           ;
; Total                ; 00:00:11     ; --                      ; --                  ; 00:00:09                           ;
+----------------------+--------------+-------------------------+---------------------+------------------------------------+


+-----------------------------------------------------------------------------------+
; Flow OS Summary                                                                   ;
+----------------------+------------------+-----------+------------+----------------+
; Module Name          ; Machine Hostname ; OS Name   ; OS Version ; Processor type ;
+----------------------+------------------+-----------+------------+----------------+
; Analysis & Synthesis ; DellXPS139360    ; Windows 7 ; 6.2        ; x86_64         ;
; Fitter               ; DellXPS139360    ; Windows 7 ; 6.2        ; x86_64         ;
; Assembler            ; DellXPS139360    ; Windows 7 ; 6.2        ; x86_64         ;
+----------------------+------------------+-----------+------------+----------------+


------------
; Flow Log ;
------------
quartus_map --read_settings_files=on --write_settings_files=off Lab4-5 -c Lab4-5
quartus_fit --read_settings_files=off --write_settings_files=off Lab4-5 -c Lab4-5
quartus_asm --read_settings_files=off --write_settings_files=off Lab4-5 -c Lab4-5



